Sat Apr 07 2018 10:20:34 GMT-0400 (Eastern Daylight Time): GET /about
Sat Apr 07 2018 11:05:34 GMT-0400 (Eastern Daylight Time): GET /about
Sat Apr 07 2018 11:05:37 GMT-0400 (Eastern Daylight Time): GET /about
Sat Apr 07 2018 11:06:40 GMT-0400 (Eastern Daylight Time): GET /about
Sat Apr 07 2018 11:07:37 GMT-0400 (Eastern Daylight Time): GET /help.html
Sat Apr 07 2018 11:07:41 GMT-0400 (Eastern Daylight Time): GET /
Sat Apr 07 2018 11:07:43 GMT-0400 (Eastern Daylight Time): GET /
Sat Apr 07 2018 11:07:44 GMT-0400 (Eastern Daylight Time): GET /about
Sat Apr 07 2018 11:07:45 GMT-0400 (Eastern Daylight Time): GET /
Sat Apr 07 2018 13:45:55 GMT-0400 (Eastern Daylight Time): GET /
Sat Apr 07 2018 14:16:08 GMT-0400 (Eastern Daylight Time): GET /
Sat Apr 07 2018 14:18:25 GMT-0400 (Eastern Daylight Time): GET /
Sat Apr 07 2018 14:18:25 GMT-0400 (Eastern Daylight Time): GET /
Sat Apr 07 2018 14:18:33 GMT-0400 (Eastern Daylight Time): GET /
Sat Apr 07 2018 14:18:36 GMT-0400 (Eastern Daylight Time): GET /
Sat Apr 07 2018 14:18:37 GMT-0400 (Eastern Daylight Time): GET /about
Sat Apr 07 2018 14:18:39 GMT-0400 (Eastern Daylight Time): GET /
Sat Apr 07 2018 14:18:39 GMT-0400 (Eastern Daylight Time): GET /about
Sat Apr 07 2018 14:19:07 GMT-0400 (Eastern Daylight Time): GET /about
Sat Apr 07 2018 14:19:23 GMT-0400 (Eastern Daylight Time): GET /
Sat Apr 07 2018 14:19:23 GMT-0400 (Eastern Daylight Time): GET /about
Sat Apr 07 2018 14:19:23 GMT-0400 (Eastern Daylight Time): GET /
Sat Apr 07 2018 14:19:23 GMT-0400 (Eastern Daylight Time): GET /about
Sat Apr 07 2018 14:19:23 GMT-0400 (Eastern Daylight Time): GET /
Sat Apr 07 2018 14:19:23 GMT-0400 (Eastern Daylight Time): GET /
Sat Apr 07 2018 14:40:17 GMT-0400 (Eastern Daylight Time): GET /
Sat Apr 07 2018 14:56:21 GMT-0400 (Eastern Daylight Time): GET /
Sat Apr 07 2018 14:59:11 GMT-0400 (Eastern Daylight Time): GET /
Sat Apr 07 2018 14:59:11 GMT-0400 (Eastern Daylight Time): GET /
Sat Apr 07 2018 14:59:38 GMT-0400 (Eastern Daylight Time): GET /
Sat Apr 07 2018 14:59:41 GMT-0400 (Eastern Daylight Time): GET /
Sat Apr 07 2018 14:59:43 GMT-0400 (Eastern Daylight Time): GET /
Sat Apr 07 2018 14:59:43 GMT-0400 (Eastern Daylight Time): GET /
Sat Apr 07 2018 14:59:44 GMT-0400 (Eastern Daylight Time): GET /
Sat Apr 07 2018 14:59:45 GMT-0400 (Eastern Daylight Time): GET /
Sat Apr 07 2018 14:59:47 GMT-0400 (Eastern Daylight Time): GET /
Sat Apr 07 2018 15:05:38 GMT-0400 (Eastern Daylight Time): GET /
Sat Apr 07 2018 15:05:40 GMT-0400 (Eastern Daylight Time): GET /
Sat Apr 07 2018 15:05:49 GMT-0400 (Eastern Daylight Time): GET /
Sat Apr 07 2018 15:17:49 GMT-0400 (Eastern Daylight Time): GET /
Sat Apr 07 2018 15:17:59 GMT-0400 (Eastern Daylight Time): GET /
Sat Apr 07 2018 15:18:00 GMT-0400 (Eastern Daylight Time): GET /
Sat Apr 07 2018 15:35:33 GMT-0400 (Eastern Daylight Time): GET /
Sat Apr 07 2018 15:37:26 GMT-0400 (Eastern Daylight Time): GET /bad
Sat Apr 07 2018 15:37:41 GMT-0400 (Eastern Daylight Time): GET /
Sat Apr 07 2018 15:38:28 GMT-0400 (Eastern Daylight Time): GET /
Sat Apr 07 2018 15:38:31 GMT-0400 (Eastern Daylight Time): GET /
Sat Apr 07 2018 15:43:24 GMT-0400 (Eastern Daylight Time): GET /
Sat Apr 07 2018 15:43:29 GMT-0400 (Eastern Daylight Time): GET /
Sat Apr 07 2018 15:51:38 GMT-0400 (Eastern Daylight Time): GET /
Sat Apr 07 2018 15:52:48 GMT-0400 (Eastern Daylight Time): GET /
Sat Apr 07 2018 15:52:51 GMT-0400 (Eastern Daylight Time): GET /
Sat Apr 07 2018 15:54:07 GMT-0400 (Eastern Daylight Time): GET /
Sat Apr 07 2018 15:56:57 GMT-0400 (Eastern Daylight Time): GET /
Sat Apr 07 2018 15:57:51 GMT-0400 (Eastern Daylight Time): GET /
Sat Apr 07 2018 16:01:54 GMT-0400 (Eastern Daylight Time): GET /
Sat Apr 07 2018 16:01:57 GMT-0400 (Eastern Daylight Time): GET /
Sat Apr 07 2018 16:02:12 GMT-0400 (Eastern Daylight Time): GET /
Sat Apr 07 2018 16:03:19 GMT-0400 (Eastern Daylight Time): GET /
Sat Apr 07 2018 16:03:51 GMT-0400 (Eastern Daylight Time): GET /
Sat Apr 07 2018 16:03:53 GMT-0400 (Eastern Daylight Time): GET /
Sat Apr 07 2018 16:04:02 GMT-0400 (Eastern Daylight Time): GET /
Sat Apr 07 2018 16:04:39 GMT-0400 (Eastern Daylight Time): GET /
Sat Apr 07 2018 16:05:37 GMT-0400 (Eastern Daylight Time): GET /
Sat Apr 07 2018 16:19:31 GMT-0400 (Eastern Daylight Time): GET /
Sat Apr 07 2018 16:20:15 GMT-0400 (Eastern Daylight Time): GET /
Sat Apr 07 2018 17:51:39 GMT-0400 (Eastern Daylight Time): GET /
Sat Apr 07 2018 17:52:05 GMT-0400 (Eastern Daylight Time): GET /
Sat Apr 07 2018 17:55:16 GMT-0400 (Eastern Daylight Time): GET /
Sat Apr 07 2018 17:56:19 GMT-0400 (Eastern Daylight Time): GET /
Sat Apr 07 2018 17:57:28 GMT-0400 (Eastern Daylight Time): GET /
Sat Apr 07 2018 17:58:05 GMT-0400 (Eastern Daylight Time): GET /
Sat Apr 07 2018 18:23:31 GMT-0400 (Eastern Daylight Time): GET /
Sat Apr 07 2018 18:27:10 GMT-0400 (Eastern Daylight Time): GET /
Sat Apr 07 2018 18:27:16 GMT-0400 (Eastern Daylight Time): GET /
Sat Apr 07 2018 18:27:19 GMT-0400 (Eastern Daylight Time): GET /
Sat Apr 07 2018 18:27:20 GMT-0400 (Eastern Daylight Time): GET /
Sat Apr 07 2018 18:27:21 GMT-0400 (Eastern Daylight Time): GET /
Sat Apr 07 2018 18:27:22 GMT-0400 (Eastern Daylight Time): GET /
Sat Apr 07 2018 18:27:23 GMT-0400 (Eastern Daylight Time): GET /
Sat Apr 07 2018 18:27:24 GMT-0400 (Eastern Daylight Time): GET /
Sat Apr 07 2018 18:31:23 GMT-0400 (Eastern Daylight Time): GET /
Sat Apr 07 2018 18:31:27 GMT-0400 (Eastern Daylight Time): GET /
Sat Apr 07 2018 18:31:28 GMT-0400 (Eastern Daylight Time): GET /about
Sat Apr 07 2018 18:31:29 GMT-0400 (Eastern Daylight Time): GET /
Sat Apr 07 2018 18:31:30 GMT-0400 (Eastern Daylight Time): GET /
Sat Apr 07 2018 18:31:31 GMT-0400 (Eastern Daylight Time): GET /
Sat Apr 07 2018 18:31:32 GMT-0400 (Eastern Daylight Time): GET /
Sat Apr 07 2018 18:31:33 GMT-0400 (Eastern Daylight Time): GET /
Sat Apr 07 2018 18:31:33 GMT-0400 (Eastern Daylight Time): GET /
Sat Apr 07 2018 18:31:34 GMT-0400 (Eastern Daylight Time): GET /
Sat Apr 07 2018 18:31:36 GMT-0400 (Eastern Daylight Time): GET /
Sat Apr 07 2018 18:31:37 GMT-0400 (Eastern Daylight Time): GET /
Sat Apr 07 2018 18:31:38 GMT-0400 (Eastern Daylight Time): GET /
Sat Apr 07 2018 18:31:39 GMT-0400 (Eastern Daylight Time): GET /
Sat Apr 07 2018 18:36:53 GMT-0400 (Eastern Daylight Time): GET /
Sat Apr 07 2018 18:36:55 GMT-0400 (Eastern Daylight Time): GET /
Sat Apr 07 2018 18:36:55 GMT-0400 (Eastern Daylight Time): GET /
Sat Apr 07 2018 19:27:38 GMT-0400 (Eastern Daylight Time): GET /
Sat Apr 07 2018 19:28:06 GMT-0400 (Eastern Daylight Time): GET /
Sat Apr 07 2018 19:42:50 GMT-0400 (Eastern Daylight Time): GET /
Sat Apr 07 2018 19:43:06 GMT-0400 (Eastern Daylight Time): GET /about
Sat Apr 07 2018 19:57:30 GMT-0400 (Eastern Daylight Time): GET /
Sat Apr 07 2018 19:58:15 GMT-0400 (Eastern Daylight Time): GET /
Sat Apr 07 2018 19:59:51 GMT-0400 (Eastern Daylight Time): GET /
Sat Apr 07 2018 20:00:06 GMT-0400 (Eastern Daylight Time): GET /
Sat Apr 07 2018 20:00:14 GMT-0400 (Eastern Daylight Time): GET /
Sat Apr 07 2018 20:00:17 GMT-0400 (Eastern Daylight Time): GET /
Sat Apr 07 2018 20:00:18 GMT-0400 (Eastern Daylight Time): GET /
Sat Apr 07 2018 20:00:18 GMT-0400 (Eastern Daylight Time): GET /
Sat Apr 07 2018 20:00:48 GMT-0400 (Eastern Daylight Time): GET /
Sat Apr 07 2018 20:00:49 GMT-0400 (Eastern Daylight Time): GET /about
Sat Apr 07 2018 20:00:51 GMT-0400 (Eastern Daylight Time): GET /
Sat Apr 07 2018 20:00:52 GMT-0400 (Eastern Daylight Time): GET /about
Sat Apr 07 2018 20:00:53 GMT-0400 (Eastern Daylight Time): GET /
Sat Apr 07 2018 20:00:53 GMT-0400 (Eastern Daylight Time): GET /
Sat Apr 07 2018 20:00:54 GMT-0400 (Eastern Daylight Time): GET /
Sat Apr 07 2018 20:00:55 GMT-0400 (Eastern Daylight Time): GET /
Sat Apr 07 2018 20:00:56 GMT-0400 (Eastern Daylight Time): GET /
Sat Apr 07 2018 20:00:57 GMT-0400 (Eastern Daylight Time): GET /
Sat Apr 07 2018 20:00:58 GMT-0400 (Eastern Daylight Time): GET /
Sat Apr 07 2018 20:00:58 GMT-0400 (Eastern Daylight Time): GET /
Sat Apr 07 2018 20:01:00 GMT-0400 (Eastern Daylight Time): GET /
Sat Apr 07 2018 20:01:00 GMT-0400 (Eastern Daylight Time): GET /
Sat Apr 07 2018 20:01:01 GMT-0400 (Eastern Daylight Time): GET /
Sat Apr 07 2018 20:01:02 GMT-0400 (Eastern Daylight Time): GET /
Sat Apr 07 2018 20:01:03 GMT-0400 (Eastern Daylight Time): GET /
Sat Apr 07 2018 20:01:04 GMT-0400 (Eastern Daylight Time): GET /
Sat Apr 07 2018 20:02:07 GMT-0400 (Eastern Daylight Time): GET /
Sat Apr 07 2018 20:02:08 GMT-0400 (Eastern Daylight Time): GET /
Sat Apr 07 2018 20:02:34 GMT-0400 (Eastern Daylight Time): GET /
Sat Apr 07 2018 20:02:34 GMT-0400 (Eastern Daylight Time): GET /about
Sat Apr 07 2018 20:02:35 GMT-0400 (Eastern Daylight Time): GET /
Sat Apr 07 2018 20:02:36 GMT-0400 (Eastern Daylight Time): GET /about
Sat Apr 07 2018 20:02:37 GMT-0400 (Eastern Daylight Time): GET /about
Sat Apr 07 2018 20:02:38 GMT-0400 (Eastern Daylight Time): GET /about
Sat Apr 07 2018 20:03:01 GMT-0400 (Eastern Daylight Time): GET /
Sat Apr 07 2018 20:04:00 GMT-0400 (Eastern Daylight Time): GET /
Sat Apr 07 2018 20:04:07 GMT-0400 (Eastern Daylight Time): GET /
Sat Apr 07 2018 20:04:08 GMT-0400 (Eastern Daylight Time): GET /about
Sat Apr 07 2018 20:04:11 GMT-0400 (Eastern Daylight Time): GET /about
Sat Apr 07 2018 20:04:12 GMT-0400 (Eastern Daylight Time): GET /
Sat Apr 07 2018 20:04:13 GMT-0400 (Eastern Daylight Time): GET /about
Sat Apr 07 2018 20:04:14 GMT-0400 (Eastern Daylight Time): GET /
Sat Apr 07 2018 20:04:14 GMT-0400 (Eastern Daylight Time): GET /about
Sat Apr 07 2018 20:04:15 GMT-0400 (Eastern Daylight Time): GET /
Sat Apr 07 2018 20:04:23 GMT-0400 (Eastern Daylight Time): GET /
Sat Apr 07 2018 20:04:23 GMT-0400 (Eastern Daylight Time): GET /
Sat Apr 07 2018 20:04:24 GMT-0400 (Eastern Daylight Time): GET /
Sat Apr 07 2018 20:04:25 GMT-0400 (Eastern Daylight Time): GET /
Sat Apr 07 2018 20:04:26 GMT-0400 (Eastern Daylight Time): GET /
Sat Apr 07 2018 20:06:36 GMT-0400 (Eastern Daylight Time): GET /
Sat Apr 07 2018 20:06:36 GMT-0400 (Eastern Daylight Time): GET /favicon.ico
Sat Apr 07 2018 20:07:32 GMT-0400 (Eastern Daylight Time): GET /
Sat Apr 07 2018 20:07:33 GMT-0400 (Eastern Daylight Time): GET /favicon.ico
Sat Apr 07 2018 20:08:34 GMT-0400 (Eastern Daylight Time): GET /
Sat Apr 07 2018 20:08:35 GMT-0400 (Eastern Daylight Time): GET /favicon.ico
Sat Apr 07 2018 20:09:44 GMT-0400 (Eastern Daylight Time): GET /
Sat Apr 07 2018 20:09:45 GMT-0400 (Eastern Daylight Time): GET /
Sat Apr 07 2018 20:09:49 GMT-0400 (Eastern Daylight Time): GET /
Sat Apr 07 2018 20:09:49 GMT-0400 (Eastern Daylight Time): GET /favicon.ico
Sat Apr 07 2018 20:09:51 GMT-0400 (Eastern Daylight Time): GET /
Sat Apr 07 2018 20:09:51 GMT-0400 (Eastern Daylight Time): GET /favicon.ico
Sat Apr 07 2018 20:13:10 GMT-0400 (Eastern Daylight Time): GET /
Sat Apr 07 2018 20:16:01 GMT-0400 (Eastern Daylight Time): GET /
Sat Apr 07 2018 20:16:02 GMT-0400 (Eastern Daylight Time): GET /favicon.ico
Sat Apr 07 2018 20:18:28 GMT-0400 (Eastern Daylight Time): GET /
Sat Apr 07 2018 20:18:29 GMT-0400 (Eastern Daylight Time): GET /favicon.ico
Sat Apr 07 2018 20:22:11 GMT-0400 (Eastern Daylight Time): GET /
Sat Apr 07 2018 20:22:34 GMT-0400 (Eastern Daylight Time): GET /
Sat Apr 07 2018 20:22:37 GMT-0400 (Eastern Daylight Time): GET /
Sat Apr 07 2018 20:22:37 GMT-0400 (Eastern Daylight Time): GET /
Sat Apr 07 2018 20:22:38 GMT-0400 (Eastern Daylight Time): GET /
Sat Apr 07 2018 20:22:39 GMT-0400 (Eastern Daylight Time): GET /
Sat Apr 07 2018 20:23:14 GMT-0400 (Eastern Daylight Time): GET /
Sat Apr 07 2018 20:23:15 GMT-0400 (Eastern Daylight Time): GET /
Sat Apr 07 2018 20:23:15 GMT-0400 (Eastern Daylight Time): GET /
Sat Apr 07 2018 20:23:17 GMT-0400 (Eastern Daylight Time): GET /about
Sat Apr 07 2018 20:23:20 GMT-0400 (Eastern Daylight Time): GET /
Sat Apr 07 2018 20:23:21 GMT-0400 (Eastern Daylight Time): GET /about
Sat Apr 07 2018 20:23:21 GMT-0400 (Eastern Daylight Time): GET /
Sat Apr 07 2018 20:23:22 GMT-0400 (Eastern Daylight Time): GET /about
Sat Apr 07 2018 20:23:23 GMT-0400 (Eastern Daylight Time): GET /
Sat Apr 07 2018 20:23:24 GMT-0400 (Eastern Daylight Time): GET /about
Sat Apr 07 2018 20:23:25 GMT-0400 (Eastern Daylight Time): GET /
Sat Apr 07 2018 20:23:27 GMT-0400 (Eastern Daylight Time): GET /about
Sat Apr 07 2018 20:23:28 GMT-0400 (Eastern Daylight Time): GET /
Sat Apr 07 2018 20:24:43 GMT-0400 (Eastern Daylight Time): GET /
Sat Apr 07 2018 20:24:44 GMT-0400 (Eastern Daylight Time): GET /
Sat Apr 07 2018 20:24:45 GMT-0400 (Eastern Daylight Time): GET /
Sat Apr 07 2018 20:24:46 GMT-0400 (Eastern Daylight Time): GET /
Sat Apr 07 2018 20:24:46 GMT-0400 (Eastern Daylight Time): GET /
Sat Apr 07 2018 20:24:47 GMT-0400 (Eastern Daylight Time): GET /
Sat Apr 07 2018 20:24:48 GMT-0400 (Eastern Daylight Time): GET /
Sat Apr 07 2018 20:34:52 GMT-0400 (Eastern Daylight Time): GET /
Sat Apr 07 2018 20:34:57 GMT-0400 (Eastern Daylight Time): GET /
Sat Apr 07 2018 20:35:10 GMT-0400 (Eastern Daylight Time): GET /
Sat Apr 07 2018 20:37:05 GMT-0400 (Eastern Daylight Time): GET /
Sat Apr 07 2018 20:37:08 GMT-0400 (Eastern Daylight Time): GET /
Sat Apr 07 2018 20:37:09 GMT-0400 (Eastern Daylight Time): GET /
Sat Apr 07 2018 20:37:10 GMT-0400 (Eastern Daylight Time): GET /
Sat Apr 07 2018 21:46:49 GMT-0400 (Eastern Daylight Time): GET /
Sat Apr 07 2018 21:46:53 GMT-0400 (Eastern Daylight Time): GET /
Sat Apr 07 2018 21:46:54 GMT-0400 (Eastern Daylight Time): GET /
Sat Apr 07 2018 21:46:55 GMT-0400 (Eastern Daylight Time): GET /
Sat Apr 07 2018 21:46:56 GMT-0400 (Eastern Daylight Time): GET /
Sat Apr 07 2018 21:55:52 GMT-0400 (Eastern Daylight Time): GET /
Sat Apr 07 2018 21:58:19 GMT-0400 (Eastern Daylight Time): GET /
Sat Apr 07 2018 21:58:19 GMT-0400 (Eastern Daylight Time): GET /
Sat Apr 07 2018 21:58:19 GMT-0400 (Eastern Daylight Time): GET /
Sat Apr 07 2018 21:58:19 GMT-0400 (Eastern Daylight Time): GET /
Sat Apr 07 2018 21:58:19 GMT-0400 (Eastern Daylight Time): GET /
Sat Apr 07 2018 21:58:21 GMT-0400 (Eastern Daylight Time): GET /
Sat Apr 07 2018 21:58:22 GMT-0400 (Eastern Daylight Time): GET /favicon.ico
Sat Apr 07 2018 21:58:27 GMT-0400 (Eastern Daylight Time): GET /
Sat Apr 07 2018 21:58:29 GMT-0400 (Eastern Daylight Time): GET /
Sat Apr 07 2018 21:58:30 GMT-0400 (Eastern Daylight Time): GET /
Sat Apr 07 2018 21:58:31 GMT-0400 (Eastern Daylight Time): GET /
Sat Apr 07 2018 21:58:31 GMT-0400 (Eastern Daylight Time): GET /
Sat Apr 07 2018 22:01:19 GMT-0400 (Eastern Daylight Time): GET /
Sat Apr 07 2018 22:01:37 GMT-0400 (Eastern Daylight Time): GET /
Sat Apr 07 2018 22:02:17 GMT-0400 (Eastern Daylight Time): GET /
Sat Apr 07 2018 22:03:46 GMT-0400 (Eastern Daylight Time): GET /
Sat Apr 07 2018 22:03:47 GMT-0400 (Eastern Daylight Time): GET /
Sat Apr 07 2018 22:03:53 GMT-0400 (Eastern Daylight Time): GET /
Sat Apr 07 2018 22:03:53 GMT-0400 (Eastern Daylight Time): GET /favicon.ico
Sat Apr 07 2018 22:03:55 GMT-0400 (Eastern Daylight Time): GET /
Sat Apr 07 2018 22:04:26 GMT-0400 (Eastern Daylight Time): GET /
Sat Apr 07 2018 22:04:56 GMT-0400 (Eastern Daylight Time): GET /
Sat Apr 07 2018 22:04:56 GMT-0400 (Eastern Daylight Time): GET /favicon.ico
Sat Apr 07 2018 22:08:10 GMT-0400 (Eastern Daylight Time): GET /
Sat Apr 07 2018 22:08:57 GMT-0400 (Eastern Daylight Time): GET /
Sat Apr 07 2018 22:14:28 GMT-0400 (Eastern Daylight Time): GET /
Sat Apr 07 2018 22:17:30 GMT-0400 (Eastern Daylight Time): GET /
Sat Apr 07 2018 22:17:35 GMT-0400 (Eastern Daylight Time): GET /
Sat Apr 07 2018 22:17:36 GMT-0400 (Eastern Daylight Time): GET /
Sat Apr 07 2018 22:17:37 GMT-0400 (Eastern Daylight Time): GET /
Sat Apr 07 2018 22:17:39 GMT-0400 (Eastern Daylight Time): GET /
Sat Apr 07 2018 22:21:15 GMT-0400 (Eastern Daylight Time): GET /
Sat Apr 07 2018 22:26:49 GMT-0400 (Eastern Daylight Time): GET /
Sat Apr 07 2018 22:28:25 GMT-0400 (Eastern Daylight Time): GET /
Sat Apr 07 2018 22:28:53 GMT-0400 (Eastern Daylight Time): GET /
Sat Apr 07 2018 22:31:43 GMT-0400 (Eastern Daylight Time): GET /
Sat Apr 07 2018 22:35:26 GMT-0400 (Eastern Daylight Time): GET /
Sat Apr 07 2018 22:36:59 GMT-0400 (Eastern Daylight Time): GET /
Sat Apr 07 2018 22:37:44 GMT-0400 (Eastern Daylight Time): GET /
Sat Apr 07 2018 22:41:56 GMT-0400 (Eastern Daylight Time): GET /
Sat Apr 07 2018 22:44:06 GMT-0400 (Eastern Daylight Time): GET /
Sat Apr 07 2018 22:49:11 GMT-0400 (Eastern Daylight Time): GET /
Sat Apr 07 2018 22:50:24 GMT-0400 (Eastern Daylight Time): GET /
Sat Apr 07 2018 22:51:40 GMT-0400 (Eastern Daylight Time): GET /
Sat Apr 07 2018 22:51:45 GMT-0400 (Eastern Daylight Time): GET /
Sat Apr 07 2018 22:55:00 GMT-0400 (Eastern Daylight Time): GET /
Sat Apr 07 2018 22:55:08 GMT-0400 (Eastern Daylight Time): GET /
Sat Apr 07 2018 22:55:14 GMT-0400 (Eastern Daylight Time): GET /
Sat Apr 07 2018 22:55:53 GMT-0400 (Eastern Daylight Time): GET /
Sat Apr 07 2018 22:55:55 GMT-0400 (Eastern Daylight Time): GET /
Sat Apr 07 2018 22:55:56 GMT-0400 (Eastern Daylight Time): GET /
Sat Apr 07 2018 22:56:00 GMT-0400 (Eastern Daylight Time): GET /
Sat Apr 07 2018 22:57:12 GMT-0400 (Eastern Daylight Time): GET /
Sat Apr 07 2018 22:57:37 GMT-0400 (Eastern Daylight Time): GET /
Sat Apr 07 2018 22:57:48 GMT-0400 (Eastern Daylight Time): GET /
Sat Apr 07 2018 22:57:50 GMT-0400 (Eastern Daylight Time): GET /
Sat Apr 07 2018 22:57:52 GMT-0400 (Eastern Daylight Time): GET /
Sat Apr 07 2018 22:57:55 GMT-0400 (Eastern Daylight Time): GET /
Sat Apr 07 2018 22:58:04 GMT-0400 (Eastern Daylight Time): GET /
Sat Apr 07 2018 23:00:26 GMT-0400 (Eastern Daylight Time): GET /
Sat Apr 07 2018 23:00:34 GMT-0400 (Eastern Daylight Time): GET /
Sat Apr 07 2018 23:00:35 GMT-0400 (Eastern Daylight Time): GET /
Sat Apr 07 2018 23:01:52 GMT-0400 (Eastern Daylight Time): GET /
Sat Apr 07 2018 23:01:53 GMT-0400 (Eastern Daylight Time): GET /
Sat Apr 07 2018 23:01:56 GMT-0400 (Eastern Daylight Time): GET /
Sat Apr 07 2018 23:01:58 GMT-0400 (Eastern Daylight Time): GET /
Sat Apr 07 2018 23:01:59 GMT-0400 (Eastern Daylight Time): GET /
Sat Apr 07 2018 23:02:00 GMT-0400 (Eastern Daylight Time): GET /
Sat Apr 07 2018 23:02:00 GMT-0400 (Eastern Daylight Time): GET /
Sat Apr 07 2018 23:02:33 GMT-0400 (Eastern Daylight Time): GET /
Sat Apr 07 2018 23:03:13 GMT-0400 (Eastern Daylight Time): GET /
Sat Apr 07 2018 23:03:31 GMT-0400 (Eastern Daylight Time): GET /
Sat Apr 07 2018 23:08:44 GMT-0400 (Eastern Daylight Time): GET /
Sat Apr 07 2018 23:08:47 GMT-0400 (Eastern Daylight Time): GET /
Sat Apr 07 2018 23:09:22 GMT-0400 (Eastern Daylight Time): GET /
Sat Apr 07 2018 23:09:38 GMT-0400 (Eastern Daylight Time): GET /
Sat Apr 07 2018 23:09:45 GMT-0400 (Eastern Daylight Time): GET /
Sat Apr 07 2018 23:10:13 GMT-0400 (Eastern Daylight Time): GET /
Sat Apr 07 2018 23:10:22 GMT-0400 (Eastern Daylight Time): GET /
Sat Apr 07 2018 23:10:34 GMT-0400 (Eastern Daylight Time): GET /
Sat Apr 07 2018 23:10:59 GMT-0400 (Eastern Daylight Time): GET /
Sat Apr 07 2018 23:11:00 GMT-0400 (Eastern Daylight Time): GET /
Sat Apr 07 2018 23:11:01 GMT-0400 (Eastern Daylight Time): GET /
Sat Apr 07 2018 23:11:02 GMT-0400 (Eastern Daylight Time): GET /
Sat Apr 07 2018 23:11:02 GMT-0400 (Eastern Daylight Time): GET /
Sat Apr 07 2018 23:11:06 GMT-0400 (Eastern Daylight Time): GET /
Sun Apr 08 2018 10:11:06 GMT-0400 (Eastern Daylight Time): GET /
Sun Apr 08 2018 10:11:08 GMT-0400 (Eastern Daylight Time): GET /favicon.ico
Sun Apr 08 2018 10:11:13 GMT-0400 (Eastern Daylight Time): POST /team_name_url/
Sun Apr 08 2018 12:54:54 GMT-0400 (Eastern Daylight Time): GET /
Sun Apr 08 2018 12:55:04 GMT-0400 (Eastern Daylight Time): GET /
Sun Apr 08 2018 12:55:05 GMT-0400 (Eastern Daylight Time): GET /
Sun Apr 08 2018 12:55:06 GMT-0400 (Eastern Daylight Time): GET /
Sun Apr 08 2018 12:55:07 GMT-0400 (Eastern Daylight Time): GET /
Sun Apr 08 2018 12:55:08 GMT-0400 (Eastern Daylight Time): GET /
Sun Apr 08 2018 12:55:09 GMT-0400 (Eastern Daylight Time): GET /
Sun Apr 08 2018 12:55:10 GMT-0400 (Eastern Daylight Time): GET /
Sun Apr 08 2018 12:55:11 GMT-0400 (Eastern Daylight Time): GET /
Sun Apr 08 2018 12:55:12 GMT-0400 (Eastern Daylight Time): GET /
Sun Apr 08 2018 12:55:13 GMT-0400 (Eastern Daylight Time): GET /
Sun Apr 08 2018 13:37:23 GMT-0400 (Eastern Daylight Time): GET /
Sun Apr 08 2018 13:37:26 GMT-0400 (Eastern Daylight Time): POST /checkAns
Sun Apr 08 2018 13:41:36 GMT-0400 (Eastern Daylight Time): GET /
Sun Apr 08 2018 13:41:38 GMT-0400 (Eastern Daylight Time): GET /
Sun Apr 08 2018 13:41:51 GMT-0400 (Eastern Daylight Time): POST /checkAns
Sun Apr 08 2018 13:43:11 GMT-0400 (Eastern Daylight Time): GET /
Sun Apr 08 2018 13:43:16 GMT-0400 (Eastern Daylight Time): POST /checkAns
Sun Apr 08 2018 13:44:27 GMT-0400 (Eastern Daylight Time): POST /checkAns
Sun Apr 08 2018 13:48:39 GMT-0400 (Eastern Daylight Time): POST /checkAns
Sun Apr 08 2018 13:48:45 GMT-0400 (Eastern Daylight Time): GET /
Sun Apr 08 2018 13:48:48 GMT-0400 (Eastern Daylight Time): GET /
Sun Apr 08 2018 13:50:21 GMT-0400 (Eastern Daylight Time): GET /
Sun Apr 08 2018 13:50:25 GMT-0400 (Eastern Daylight Time): POST /users/add
Sun Apr 08 2018 13:51:26 GMT-0400 (Eastern Daylight Time): GET /
Sun Apr 08 2018 13:51:53 GMT-0400 (Eastern Daylight Time): GET /
Sun Apr 08 2018 13:53:18 GMT-0400 (Eastern Daylight Time): GET /
Sun Apr 08 2018 13:53:24 GMT-0400 (Eastern Daylight Time): POST /users/add
Sun Apr 08 2018 13:55:30 GMT-0400 (Eastern Daylight Time): GET /
Sun Apr 08 2018 13:55:34 GMT-0400 (Eastern Daylight Time): POST /users/add
Sun Apr 08 2018 13:56:34 GMT-0400 (Eastern Daylight Time): GET /
Sun Apr 08 2018 13:56:36 GMT-0400 (Eastern Daylight Time): POST /users/add
Sun Apr 08 2018 13:58:57 GMT-0400 (Eastern Daylight Time): GET /
Sun Apr 08 2018 13:58:59 GMT-0400 (Eastern Daylight Time): POST /users/add
Sun Apr 08 2018 14:01:30 GMT-0400 (Eastern Daylight Time): GET /
Sun Apr 08 2018 14:01:33 GMT-0400 (Eastern Daylight Time): POST /users/add
Sun Apr 08 2018 14:03:55 GMT-0400 (Eastern Daylight Time): GET /
Sun Apr 08 2018 14:03:58 GMT-0400 (Eastern Daylight Time): POST /ansChk
Sun Apr 08 2018 14:04:42 GMT-0400 (Eastern Daylight Time): GET /
Sun Apr 08 2018 14:04:45 GMT-0400 (Eastern Daylight Time): POST /ansChk
Sun Apr 08 2018 14:05:46 GMT-0400 (Eastern Daylight Time): GET /
Sun Apr 08 2018 14:05:48 GMT-0400 (Eastern Daylight Time): POST /ansChk
Sun Apr 08 2018 15:03:05 GMT-0400 (Eastern Daylight Time): GET /
Sun Apr 08 2018 15:03:12 GMT-0400 (Eastern Daylight Time): POST /ansChk
Sun Apr 08 2018 15:03:34 GMT-0400 (Eastern Daylight Time): POST /ansChk
Sun Apr 08 2018 15:03:38 GMT-0400 (Eastern Daylight Time): POST /ansChk
Sun Apr 08 2018 15:03:41 GMT-0400 (Eastern Daylight Time): POST /ansChk
Sun Apr 08 2018 15:03:43 GMT-0400 (Eastern Daylight Time): POST /ansChk
Sun Apr 08 2018 15:03:44 GMT-0400 (Eastern Daylight Time): POST /ansChk
Sun Apr 08 2018 15:25:51 GMT-0400 (Eastern Daylight Time): POST /ansChk
Sun Apr 08 2018 15:25:56 GMT-0400 (Eastern Daylight Time): GET /
Sun Apr 08 2018 15:26:01 GMT-0400 (Eastern Daylight Time): GET /
Sun Apr 08 2018 15:26:02 GMT-0400 (Eastern Daylight Time): GET /
Sun Apr 08 2018 15:26:09 GMT-0400 (Eastern Daylight Time): POST /ansChk
Sun Apr 08 2018 15:26:37 GMT-0400 (Eastern Daylight Time): POST /ansChk
Sun Apr 08 2018 15:26:38 GMT-0400 (Eastern Daylight Time): POST /ansChk
Sun Apr 08 2018 15:26:39 GMT-0400 (Eastern Daylight Time): POST /ansChk
Sun Apr 08 2018 15:26:44 GMT-0400 (Eastern Daylight Time): POST /ansChk
Sun Apr 08 2018 15:29:08 GMT-0400 (Eastern Daylight Time): GET /
Sun Apr 08 2018 15:29:12 GMT-0400 (Eastern Daylight Time): POST /ansChk
Sun Apr 08 2018 15:29:12 GMT-0400 (Eastern Daylight Time): GET /
Sun Apr 08 2018 15:29:16 GMT-0400 (Eastern Daylight Time): POST /ansChk
Sun Apr 08 2018 15:29:16 GMT-0400 (Eastern Daylight Time): GET /
Sun Apr 08 2018 15:29:18 GMT-0400 (Eastern Daylight Time): POST /ansChk
Sun Apr 08 2018 15:29:18 GMT-0400 (Eastern Daylight Time): GET /
Sun Apr 08 2018 15:29:20 GMT-0400 (Eastern Daylight Time): POST /ansChk
Sun Apr 08 2018 15:29:20 GMT-0400 (Eastern Daylight Time): GET /
Sun Apr 08 2018 15:29:22 GMT-0400 (Eastern Daylight Time): POST /ansChk
Sun Apr 08 2018 15:29:22 GMT-0400 (Eastern Daylight Time): GET /
Sun Apr 08 2018 15:29:23 GMT-0400 (Eastern Daylight Time): POST /ansChk
Sun Apr 08 2018 15:29:23 GMT-0400 (Eastern Daylight Time): GET /
Sun Apr 08 2018 15:31:19 GMT-0400 (Eastern Daylight Time): GET /
Sun Apr 08 2018 15:31:24 GMT-0400 (Eastern Daylight Time): POST /ansChk
Sun Apr 08 2018 15:31:24 GMT-0400 (Eastern Daylight Time): GET /
Sun Apr 08 2018 15:34:01 GMT-0400 (Eastern Daylight Time): GET /
Sun Apr 08 2018 15:34:02 GMT-0400 (Eastern Daylight Time): GET /favicon.ico
Sun Apr 08 2018 15:34:13 GMT-0400 (Eastern Daylight Time): POST /ansChk
Sun Apr 08 2018 15:34:13 GMT-0400 (Eastern Daylight Time): GET /
Sun Apr 08 2018 15:35:14 GMT-0400 (Eastern Daylight Time): GET /
Sun Apr 08 2018 15:35:16 GMT-0400 (Eastern Daylight Time): POST /ansChk
Sun Apr 08 2018 15:35:16 GMT-0400 (Eastern Daylight Time): GET /
Sun Apr 08 2018 15:35:18 GMT-0400 (Eastern Daylight Time): POST /ansChk
Sun Apr 08 2018 15:35:18 GMT-0400 (Eastern Daylight Time): GET /
Sun Apr 08 2018 15:35:21 GMT-0400 (Eastern Daylight Time): POST /ansChk
Sun Apr 08 2018 15:35:21 GMT-0400 (Eastern Daylight Time): GET /
Sun Apr 08 2018 15:36:23 GMT-0400 (Eastern Daylight Time): GET /
Sun Apr 08 2018 15:37:22 GMT-0400 (Eastern Daylight Time): GET /
Sun Apr 08 2018 15:38:18 GMT-0400 (Eastern Daylight Time): GET /
Sun Apr 08 2018 15:41:38 GMT-0400 (Eastern Daylight Time): GET /
Sun Apr 08 2018 15:42:01 GMT-0400 (Eastern Daylight Time): GET /
Sun Apr 08 2018 15:42:01 GMT-0400 (Eastern Daylight Time): GET /
Sun Apr 08 2018 15:42:07 GMT-0400 (Eastern Daylight Time): GET /
Sun Apr 08 2018 15:42:08 GMT-0400 (Eastern Daylight Time): GET /favicon.ico
Sun Apr 08 2018 15:43:09 GMT-0400 (Eastern Daylight Time): GET /
Sun Apr 08 2018 15:43:24 GMT-0400 (Eastern Daylight Time): POST /ansChk
Sun Apr 08 2018 15:43:24 GMT-0400 (Eastern Daylight Time): GET /
Sun Apr 08 2018 15:45:09 GMT-0400 (Eastern Daylight Time): GET /
Sun Apr 08 2018 15:45:14 GMT-0400 (Eastern Daylight Time): POST /ansChk
Sun Apr 08 2018 15:45:14 GMT-0400 (Eastern Daylight Time): GET /
Sun Apr 08 2018 15:45:29 GMT-0400 (Eastern Daylight Time): POST /ansChk
Sun Apr 08 2018 15:45:29 GMT-0400 (Eastern Daylight Time): GET /
Sun Apr 08 2018 15:48:55 GMT-0400 (Eastern Daylight Time): GET /
Sun Apr 08 2018 15:49:10 GMT-0400 (Eastern Daylight Time): GET /
Sun Apr 08 2018 15:49:22 GMT-0400 (Eastern Daylight Time): POST /ansChk
Sun Apr 08 2018 15:49:22 GMT-0400 (Eastern Daylight Time): GET /
Sun Apr 08 2018 15:50:49 GMT-0400 (Eastern Daylight Time): GET /
Sun Apr 08 2018 15:50:50 GMT-0400 (Eastern Daylight Time): GET /about
Sun Apr 08 2018 15:50:51 GMT-0400 (Eastern Daylight Time): GET /
Sun Apr 08 2018 15:50:52 GMT-0400 (Eastern Daylight Time): GET /about
Sun Apr 08 2018 15:50:53 GMT-0400 (Eastern Daylight Time): GET /
Sun Apr 08 2018 16:01:40 GMT-0400 (Eastern Daylight Time): GET /
Sun Apr 08 2018 16:01:42 GMT-0400 (Eastern Daylight Time): GET /
Sun Apr 08 2018 16:01:44 GMT-0400 (Eastern Daylight Time): GET /
Sun Apr 08 2018 16:04:05 GMT-0400 (Eastern Daylight Time): GET /
Sun Apr 08 2018 16:04:09 GMT-0400 (Eastern Daylight Time): GET /
Sun Apr 08 2018 16:10:59 GMT-0400 (Eastern Daylight Time): GET /
Sun Apr 08 2018 16:11:47 GMT-0400 (Eastern Daylight Time): GET /
Sun Apr 08 2018 16:11:55 GMT-0400 (Eastern Daylight Time): POST /ansChk
Sun Apr 08 2018 16:11:55 GMT-0400 (Eastern Daylight Time): GET /
Sun Apr 08 2018 16:12:03 GMT-0400 (Eastern Daylight Time): POST /ansChk
Sun Apr 08 2018 16:12:03 GMT-0400 (Eastern Daylight Time): GET /
Sun Apr 08 2018 16:12:17 GMT-0400 (Eastern Daylight Time): POST /ansChk
Sun Apr 08 2018 16:12:17 GMT-0400 (Eastern Daylight Time): GET /
Sun Apr 08 2018 16:12:23 GMT-0400 (Eastern Daylight Time): POST /ansChk
Sun Apr 08 2018 16:12:23 GMT-0400 (Eastern Daylight Time): GET /
Sun Apr 08 2018 16:13:31 GMT-0400 (Eastern Daylight Time): GET /
Sun Apr 08 2018 16:13:35 GMT-0400 (Eastern Daylight Time): GET /
Sun Apr 08 2018 16:13:37 GMT-0400 (Eastern Daylight Time): GET /
Sun Apr 08 2018 16:13:42 GMT-0400 (Eastern Daylight Time): GET /
Sun Apr 08 2018 16:15:25 GMT-0400 (Eastern Daylight Time): GET /
Sun Apr 08 2018 16:15:55 GMT-0400 (Eastern Daylight Time): POST /ansChk
Sun Apr 08 2018 16:15:55 GMT-0400 (Eastern Daylight Time): GET /
Sun Apr 08 2018 16:16:03 GMT-0400 (Eastern Daylight Time): POST /ansChk
Sun Apr 08 2018 16:16:03 GMT-0400 (Eastern Daylight Time): GET /
Sun Apr 08 2018 16:16:14 GMT-0400 (Eastern Daylight Time): POST /ansChk
Sun Apr 08 2018 16:16:14 GMT-0400 (Eastern Daylight Time): GET /
Sun Apr 08 2018 16:16:22 GMT-0400 (Eastern Daylight Time): POST /ansChk
Sun Apr 08 2018 16:16:22 GMT-0400 (Eastern Daylight Time): GET /
Sun Apr 08 2018 16:16:27 GMT-0400 (Eastern Daylight Time): POST /ansChk
Sun Apr 08 2018 16:16:27 GMT-0400 (Eastern Daylight Time): GET /
Sun Apr 08 2018 16:16:37 GMT-0400 (Eastern Daylight Time): POST /ansChk
Sun Apr 08 2018 16:16:37 GMT-0400 (Eastern Daylight Time): GET /
Sun Apr 08 2018 16:16:40 GMT-0400 (Eastern Daylight Time): POST /ansChk
Sun Apr 08 2018 16:16:40 GMT-0400 (Eastern Daylight Time): GET /
Sun Apr 08 2018 16:16:44 GMT-0400 (Eastern Daylight Time): POST /ansChk
Sun Apr 08 2018 16:16:44 GMT-0400 (Eastern Daylight Time): GET /
Sun Apr 08 2018 16:16:49 GMT-0400 (Eastern Daylight Time): POST /ansChk
Sun Apr 08 2018 16:16:50 GMT-0400 (Eastern Daylight Time): GET /
Sun Apr 08 2018 16:19:00 GMT-0400 (Eastern Daylight Time): GET /
Sun Apr 08 2018 16:19:12 GMT-0400 (Eastern Daylight Time): POST /ansChk
Sun Apr 08 2018 16:19:12 GMT-0400 (Eastern Daylight Time): GET /
Sun Apr 08 2018 16:20:30 GMT-0400 (Eastern Daylight Time): POST /ansChk
Sun Apr 08 2018 16:20:30 GMT-0400 (Eastern Daylight Time): GET /
Sun Apr 08 2018 16:20:35 GMT-0400 (Eastern Daylight Time): POST /ansChk
Sun Apr 08 2018 16:20:35 GMT-0400 (Eastern Daylight Time): GET /
Sun Apr 08 2018 16:20:41 GMT-0400 (Eastern Daylight Time): POST /ansChk
Sun Apr 08 2018 16:20:41 GMT-0400 (Eastern Daylight Time): GET /
Sun Apr 08 2018 16:23:16 GMT-0400 (Eastern Daylight Time): POST /ansChk
Sun Apr 08 2018 16:23:34 GMT-0400 (Eastern Daylight Time): POST /ansChk
Sun Apr 08 2018 16:23:34 GMT-0400 (Eastern Daylight Time): POST /ansChk
Sun Apr 08 2018 16:23:34 GMT-0400 (Eastern Daylight Time): POST /ansChk
Sun Apr 08 2018 16:23:34 GMT-0400 (Eastern Daylight Time): POST /ansChk
Sun Apr 08 2018 16:23:34 GMT-0400 (Eastern Daylight Time): POST /ansChk
Sun Apr 08 2018 16:23:34 GMT-0400 (Eastern Daylight Time): POST /ansChk
Sun Apr 08 2018 16:23:34 GMT-0400 (Eastern Daylight Time): POST /ansChk
Sun Apr 08 2018 16:23:34 GMT-0400 (Eastern Daylight Time): POST /ansChk
Sun Apr 08 2018 16:23:34 GMT-0400 (Eastern Daylight Time): GET /
Sun Apr 08 2018 16:23:39 GMT-0400 (Eastern Daylight Time): POST /ansChk
Sun Apr 08 2018 16:23:39 GMT-0400 (Eastern Daylight Time): GET /
Sun Apr 08 2018 16:23:43 GMT-0400 (Eastern Daylight Time): POST /ansChk
Sun Apr 08 2018 16:23:43 GMT-0400 (Eastern Daylight Time): GET /
Sun Apr 08 2018 16:23:47 GMT-0400 (Eastern Daylight Time): POST /ansChk
Sun Apr 08 2018 16:23:47 GMT-0400 (Eastern Daylight Time): GET /
Sun Apr 08 2018 16:23:49 GMT-0400 (Eastern Daylight Time): POST /ansChk
Sun Apr 08 2018 16:23:49 GMT-0400 (Eastern Daylight Time): GET /
Sun Apr 08 2018 16:23:51 GMT-0400 (Eastern Daylight Time): POST /ansChk
Sun Apr 08 2018 16:23:51 GMT-0400 (Eastern Daylight Time): GET /
Sun Apr 08 2018 16:23:56 GMT-0400 (Eastern Daylight Time): POST /ansChk
Sun Apr 08 2018 16:23:56 GMT-0400 (Eastern Daylight Time): GET /
Sun Apr 08 2018 16:24:03 GMT-0400 (Eastern Daylight Time): POST /ansChk
Sun Apr 08 2018 16:24:03 GMT-0400 (Eastern Daylight Time): GET /
Sun Apr 08 2018 16:24:06 GMT-0400 (Eastern Daylight Time): POST /ansChk
Sun Apr 08 2018 16:24:06 GMT-0400 (Eastern Daylight Time): GET /
Sun Apr 08 2018 16:24:09 GMT-0400 (Eastern Daylight Time): POST /ansChk
Sun Apr 08 2018 16:24:09 GMT-0400 (Eastern Daylight Time): GET /
Sun Apr 08 2018 16:24:11 GMT-0400 (Eastern Daylight Time): POST /ansChk
Sun Apr 08 2018 16:24:11 GMT-0400 (Eastern Daylight Time): GET /
Sun Apr 08 2018 16:24:14 GMT-0400 (Eastern Daylight Time): POST /ansChk
Sun Apr 08 2018 16:24:14 GMT-0400 (Eastern Daylight Time): GET /
Sun Apr 08 2018 16:24:17 GMT-0400 (Eastern Daylight Time): POST /ansChk
Sun Apr 08 2018 16:24:17 GMT-0400 (Eastern Daylight Time): GET /
Sun Apr 08 2018 16:24:19 GMT-0400 (Eastern Daylight Time): POST /ansChk
Sun Apr 08 2018 16:24:19 GMT-0400 (Eastern Daylight Time): GET /
Sun Apr 08 2018 16:24:22 GMT-0400 (Eastern Daylight Time): POST /ansChk
Sun Apr 08 2018 16:24:22 GMT-0400 (Eastern Daylight Time): GET /
Sun Apr 08 2018 16:24:24 GMT-0400 (Eastern Daylight Time): POST /ansChk
Sun Apr 08 2018 16:24:24 GMT-0400 (Eastern Daylight Time): GET /
Sun Apr 08 2018 16:24:26 GMT-0400 (Eastern Daylight Time): POST /ansChk
Sun Apr 08 2018 16:24:26 GMT-0400 (Eastern Daylight Time): GET /
Sun Apr 08 2018 16:24:29 GMT-0400 (Eastern Daylight Time): POST /ansChk
Sun Apr 08 2018 16:24:29 GMT-0400 (Eastern Daylight Time): GET /
Sun Apr 08 2018 16:24:33 GMT-0400 (Eastern Daylight Time): POST /ansChk
Sun Apr 08 2018 16:24:33 GMT-0400 (Eastern Daylight Time): GET /
Sun Apr 08 2018 16:24:46 GMT-0400 (Eastern Daylight Time): POST /ansChk
Sun Apr 08 2018 16:24:46 GMT-0400 (Eastern Daylight Time): GET /
Sun Apr 08 2018 16:25:12 GMT-0400 (Eastern Daylight Time): POST /ansChk
Sun Apr 08 2018 16:25:13 GMT-0400 (Eastern Daylight Time): GET /
Sun Apr 08 2018 17:05:47 GMT-0400 (Eastern Daylight Time): GET /
Sun Apr 08 2018 17:07:10 GMT-0400 (Eastern Daylight Time): GET /
Sun Apr 08 2018 17:07:12 GMT-0400 (Eastern Daylight Time): GET /favicon.ico
Sun Apr 08 2018 17:08:44 GMT-0400 (Eastern Daylight Time): GET /
Sun Apr 08 2018 17:10:05 GMT-0400 (Eastern Daylight Time): GET /
Sun Apr 08 2018 17:10:29 GMT-0400 (Eastern Daylight Time): GET /
Sun Apr 08 2018 17:10:59 GMT-0400 (Eastern Daylight Time): GET /
Sun Apr 08 2018 17:16:40 GMT-0400 (Eastern Daylight Time): GET /
Sun Apr 08 2018 17:17:18 GMT-0400 (Eastern Daylight Time): GET /about
Sun Apr 08 2018 17:17:20 GMT-0400 (Eastern Daylight Time): GET /
Sun Apr 08 2018 17:17:22 GMT-0400 (Eastern Daylight Time): GET /
Sun Apr 08 2018 17:17:23 GMT-0400 (Eastern Daylight Time): GET /
Sun Apr 08 2018 17:17:24 GMT-0400 (Eastern Daylight Time): GET /
Sun Apr 08 2018 17:19:30 GMT-0400 (Eastern Daylight Time): GET /
Sun Apr 08 2018 17:19:32 GMT-0400 (Eastern Daylight Time): GET /
Sun Apr 08 2018 17:24:24 GMT-0400 (Eastern Daylight Time): GET /
Sun Apr 08 2018 17:25:12 GMT-0400 (Eastern Daylight Time): GET /
Sun Apr 08 2018 17:26:03 GMT-0400 (Eastern Daylight Time): GET /
Sun Apr 08 2018 17:26:17 GMT-0400 (Eastern Daylight Time): GET /
Sun Apr 08 2018 17:26:32 GMT-0400 (Eastern Daylight Time): GET /
Sun Apr 08 2018 17:26:55 GMT-0400 (Eastern Daylight Time): GET /
Sun Apr 08 2018 17:27:34 GMT-0400 (Eastern Daylight Time): GET /
Sun Apr 08 2018 17:27:48 GMT-0400 (Eastern Daylight Time): GET /
Sun Apr 08 2018 17:28:42 GMT-0400 (Eastern Daylight Time): GET /
Sun Apr 08 2018 17:28:48 GMT-0400 (Eastern Daylight Time): GET /
Sun Apr 08 2018 17:28:49 GMT-0400 (Eastern Daylight Time): GET /favicon.ico
Sun Apr 08 2018 17:28:55 GMT-0400 (Eastern Daylight Time): GET /
Sun Apr 08 2018 17:28:55 GMT-0400 (Eastern Daylight Time): GET /favicon.ico
Sun Apr 08 2018 17:29:11 GMT-0400 (Eastern Daylight Time): GET /
Sun Apr 08 2018 17:30:13 GMT-0400 (Eastern Daylight Time): GET /
Sun Apr 08 2018 17:30:30 GMT-0400 (Eastern Daylight Time): GET /
Sun Apr 08 2018 17:30:39 GMT-0400 (Eastern Daylight Time): GET /
Sun Apr 08 2018 17:30:51 GMT-0400 (Eastern Daylight Time): GET /
Sun Apr 08 2018 17:31:25 GMT-0400 (Eastern Daylight Time): GET /
Sun Apr 08 2018 17:31:40 GMT-0400 (Eastern Daylight Time): POST /ansChk
Sun Apr 08 2018 17:31:40 GMT-0400 (Eastern Daylight Time): GET /
Sun Apr 08 2018 17:31:42 GMT-0400 (Eastern Daylight Time): POST /ansChk
Sun Apr 08 2018 17:31:42 GMT-0400 (Eastern Daylight Time): GET /
Sun Apr 08 2018 17:31:43 GMT-0400 (Eastern Daylight Time): POST /ansChk
Sun Apr 08 2018 17:31:43 GMT-0400 (Eastern Daylight Time): GET /
Sun Apr 08 2018 17:31:44 GMT-0400 (Eastern Daylight Time): POST /ansChk
Sun Apr 08 2018 17:31:44 GMT-0400 (Eastern Daylight Time): GET /
Sun Apr 08 2018 17:31:45 GMT-0400 (Eastern Daylight Time): POST /ansChk
Sun Apr 08 2018 17:31:45 GMT-0400 (Eastern Daylight Time): GET /
Sun Apr 08 2018 17:31:46 GMT-0400 (Eastern Daylight Time): POST /ansChk
Sun Apr 08 2018 17:31:46 GMT-0400 (Eastern Daylight Time): GET /
Sun Apr 08 2018 17:31:47 GMT-0400 (Eastern Daylight Time): POST /ansChk
Sun Apr 08 2018 17:31:47 GMT-0400 (Eastern Daylight Time): GET /
Sun Apr 08 2018 17:33:24 GMT-0400 (Eastern Daylight Time): GET /
Sun Apr 08 2018 17:33:26 GMT-0400 (Eastern Daylight Time): GET /
Sun Apr 08 2018 17:33:28 GMT-0400 (Eastern Daylight Time): GET /
Sun Apr 08 2018 17:33:29 GMT-0400 (Eastern Daylight Time): GET /
Sun Apr 08 2018 17:33:32 GMT-0400 (Eastern Daylight Time): GET /
Sun Apr 08 2018 17:33:37 GMT-0400 (Eastern Daylight Time): GET /
Sun Apr 08 2018 17:33:39 GMT-0400 (Eastern Daylight Time): GET /
Sun Apr 08 2018 17:33:41 GMT-0400 (Eastern Daylight Time): GET /
Sun Apr 08 2018 17:33:43 GMT-0400 (Eastern Daylight Time): POST /ansChk
Sun Apr 08 2018 17:33:43 GMT-0400 (Eastern Daylight Time): GET /
Sun Apr 08 2018 17:33:45 GMT-0400 (Eastern Daylight Time): POST /ansChk
Sun Apr 08 2018 17:33:45 GMT-0400 (Eastern Daylight Time): GET /
Sun Apr 08 2018 17:33:50 GMT-0400 (Eastern Daylight Time): POST /ansChk
Sun Apr 08 2018 17:33:50 GMT-0400 (Eastern Daylight Time): GET /
Sun Apr 08 2018 17:34:00 GMT-0400 (Eastern Daylight Time): POST /ansChk
Sun Apr 08 2018 17:34:00 GMT-0400 (Eastern Daylight Time): GET /
Sun Apr 08 2018 17:34:07 GMT-0400 (Eastern Daylight Time): POST /ansChk
Sun Apr 08 2018 17:34:07 GMT-0400 (Eastern Daylight Time): GET /
Sun Apr 08 2018 17:34:17 GMT-0400 (Eastern Daylight Time): POST /ansChk
Sun Apr 08 2018 17:34:17 GMT-0400 (Eastern Daylight Time): GET /
Sun Apr 08 2018 17:36:29 GMT-0400 (Eastern Daylight Time): GET /
Sun Apr 08 2018 17:36:31 GMT-0400 (Eastern Daylight Time): GET /
Sun Apr 08 2018 17:37:17 GMT-0400 (Eastern Daylight Time): GET /
Sun Apr 08 2018 17:37:26 GMT-0400 (Eastern Daylight Time): GET /
Sun Apr 08 2018 17:37:27 GMT-0400 (Eastern Daylight Time): GET /
Sun Apr 08 2018 17:38:20 GMT-0400 (Eastern Daylight Time): GET /
Sun Apr 08 2018 17:38:22 GMT-0400 (Eastern Daylight Time): GET /
Sun Apr 08 2018 17:38:26 GMT-0400 (Eastern Daylight Time): GET /
Sun Apr 08 2018 17:39:20 GMT-0400 (Eastern Daylight Time): GET /
Sun Apr 08 2018 17:40:52 GMT-0400 (Eastern Daylight Time): GET /
Sun Apr 08 2018 17:41:30 GMT-0400 (Eastern Daylight Time): GET /
Sun Apr 08 2018 17:41:35 GMT-0400 (Eastern Daylight Time): POST /ansChk
Sun Apr 08 2018 17:41:35 GMT-0400 (Eastern Daylight Time): GET /
Sun Apr 08 2018 17:41:36 GMT-0400 (Eastern Daylight Time): POST /ansChk
Sun Apr 08 2018 17:41:36 GMT-0400 (Eastern Daylight Time): GET /
Sun Apr 08 2018 17:41:38 GMT-0400 (Eastern Daylight Time): POST /ansChk
Sun Apr 08 2018 17:41:38 GMT-0400 (Eastern Daylight Time): GET /
Sun Apr 08 2018 17:41:38 GMT-0400 (Eastern Daylight Time): POST /ansChk
Sun Apr 08 2018 17:41:38 GMT-0400 (Eastern Daylight Time): GET /
Sun Apr 08 2018 17:41:39 GMT-0400 (Eastern Daylight Time): POST /ansChk
Sun Apr 08 2018 17:41:39 GMT-0400 (Eastern Daylight Time): GET /
Sun Apr 08 2018 17:41:41 GMT-0400 (Eastern Daylight Time): POST /ansChk
Sun Apr 08 2018 17:41:41 GMT-0400 (Eastern Daylight Time): GET /
Sun Apr 08 2018 17:41:48 GMT-0400 (Eastern Daylight Time): POST /ansChk
Sun Apr 08 2018 17:41:48 GMT-0400 (Eastern Daylight Time): GET /
Sun Apr 08 2018 17:41:50 GMT-0400 (Eastern Daylight Time): POST /ansChk
Sun Apr 08 2018 17:41:50 GMT-0400 (Eastern Daylight Time): GET /
Sun Apr 08 2018 17:41:57 GMT-0400 (Eastern Daylight Time): POST /ansChk
Sun Apr 08 2018 17:41:57 GMT-0400 (Eastern Daylight Time): GET /
Sun Apr 08 2018 17:41:58 GMT-0400 (Eastern Daylight Time): POST /ansChk
Sun Apr 08 2018 17:41:58 GMT-0400 (Eastern Daylight Time): GET /
Sun Apr 08 2018 17:43:42 GMT-0400 (Eastern Daylight Time): GET /
Sun Apr 08 2018 17:43:43 GMT-0400 (Eastern Daylight Time): GET /
Sun Apr 08 2018 17:43:44 GMT-0400 (Eastern Daylight Time): GET /
Sun Apr 08 2018 17:43:44 GMT-0400 (Eastern Daylight Time): GET /
Sun Apr 08 2018 17:43:45 GMT-0400 (Eastern Daylight Time): GET /
Sun Apr 08 2018 17:43:46 GMT-0400 (Eastern Daylight Time): GET /
Sun Apr 08 2018 17:43:47 GMT-0400 (Eastern Daylight Time): GET /
Sun Apr 08 2018 17:43:48 GMT-0400 (Eastern Daylight Time): GET /
Sun Apr 08 2018 17:43:48 GMT-0400 (Eastern Daylight Time): GET /
Sun Apr 08 2018 17:43:49 GMT-0400 (Eastern Daylight Time): GET /
Sun Apr 08 2018 17:43:50 GMT-0400 (Eastern Daylight Time): GET /
Sun Apr 08 2018 17:43:52 GMT-0400 (Eastern Daylight Time): POST /ansChk
Sun Apr 08 2018 17:43:52 GMT-0400 (Eastern Daylight Time): GET /
Sun Apr 08 2018 17:43:52 GMT-0400 (Eastern Daylight Time): POST /ansChk
Sun Apr 08 2018 17:43:52 GMT-0400 (Eastern Daylight Time): GET /
Sun Apr 08 2018 17:43:53 GMT-0400 (Eastern Daylight Time): POST /ansChk
Sun Apr 08 2018 17:43:53 GMT-0400 (Eastern Daylight Time): GET /
Sun Apr 08 2018 17:44:39 GMT-0400 (Eastern Daylight Time): POST /ansChk
Sun Apr 08 2018 17:44:39 GMT-0400 (Eastern Daylight Time): GET /
Sun Apr 08 2018 17:44:48 GMT-0400 (Eastern Daylight Time): POST /ansChk
Sun Apr 08 2018 17:44:48 GMT-0400 (Eastern Daylight Time): GET /
Sun Apr 08 2018 17:44:54 GMT-0400 (Eastern Daylight Time): POST /ansChk
Sun Apr 08 2018 17:44:54 GMT-0400 (Eastern Daylight Time): GET /
Sun Apr 08 2018 17:48:28 GMT-0400 (Eastern Daylight Time): GET /
Sun Apr 08 2018 17:48:37 GMT-0400 (Eastern Daylight Time): POST /ansChk
Sun Apr 08 2018 17:48:37 GMT-0400 (Eastern Daylight Time): GET /
Sun Apr 08 2018 17:48:41 GMT-0400 (Eastern Daylight Time): POST /ansChk
Sun Apr 08 2018 17:48:41 GMT-0400 (Eastern Daylight Time): GET /
Sun Apr 08 2018 17:49:57 GMT-0400 (Eastern Daylight Time): GET /
Sun Apr 08 2018 17:49:58 GMT-0400 (Eastern Daylight Time): GET /
Sun Apr 08 2018 17:50:01 GMT-0400 (Eastern Daylight Time): POST /ansChk
Sun Apr 08 2018 17:50:01 GMT-0400 (Eastern Daylight Time): GET /
Sun Apr 08 2018 17:50:10 GMT-0400 (Eastern Daylight Time): POST /ansChk
Sun Apr 08 2018 17:50:10 GMT-0400 (Eastern Daylight Time): GET /
Sun Apr 08 2018 17:50:19 GMT-0400 (Eastern Daylight Time): POST /ansChk
Sun Apr 08 2018 17:50:19 GMT-0400 (Eastern Daylight Time): GET /
Sun Apr 08 2018 17:50:27 GMT-0400 (Eastern Daylight Time): POST /ansChk
Sun Apr 08 2018 17:50:27 GMT-0400 (Eastern Daylight Time): GET /
Sun Apr 08 2018 17:51:45 GMT-0400 (Eastern Daylight Time): GET /
Sun Apr 08 2018 17:51:54 GMT-0400 (Eastern Daylight Time): POST /ansChk
Sun Apr 08 2018 17:51:54 GMT-0400 (Eastern Daylight Time): GET /
Sun Apr 08 2018 17:52:31 GMT-0400 (Eastern Daylight Time): POST /ansChk
Sun Apr 08 2018 17:52:31 GMT-0400 (Eastern Daylight Time): GET /
Sun Apr 08 2018 17:54:52 GMT-0400 (Eastern Daylight Time): GET /
Sun Apr 08 2018 17:55:06 GMT-0400 (Eastern Daylight Time): POST /ansChk
Sun Apr 08 2018 17:55:06 GMT-0400 (Eastern Daylight Time): GET /
Sun Apr 08 2018 17:55:49 GMT-0400 (Eastern Daylight Time): POST /ansChk
Sun Apr 08 2018 17:55:49 GMT-0400 (Eastern Daylight Time): GET /
Sun Apr 08 2018 17:55:59 GMT-0400 (Eastern Daylight Time): POST /ansChk
Sun Apr 08 2018 17:55:59 GMT-0400 (Eastern Daylight Time): GET /
Sun Apr 08 2018 17:56:22 GMT-0400 (Eastern Daylight Time): GET /
Sun Apr 08 2018 17:57:19 GMT-0400 (Eastern Daylight Time): POST /ansChk
Sun Apr 08 2018 17:57:19 GMT-0400 (Eastern Daylight Time): GET /
Sun Apr 08 2018 18:02:29 GMT-0400 (Eastern Daylight Time): GET /
Sun Apr 08 2018 18:05:11 GMT-0400 (Eastern Daylight Time): GET /
Sun Apr 08 2018 18:05:16 GMT-0400 (Eastern Daylight Time): GET /
Sun Apr 08 2018 18:05:26 GMT-0400 (Eastern Daylight Time): GET /
Sun Apr 08 2018 18:05:35 GMT-0400 (Eastern Daylight Time): GET /
Sun Apr 08 2018 18:06:19 GMT-0400 (Eastern Daylight Time): GET /
Sun Apr 08 2018 18:06:34 GMT-0400 (Eastern Daylight Time): POST /ansChk
Sun Apr 08 2018 18:06:34 GMT-0400 (Eastern Daylight Time): GET /
Sun Apr 08 2018 18:06:38 GMT-0400 (Eastern Daylight Time): POST /ansChk
Sun Apr 08 2018 18:06:38 GMT-0400 (Eastern Daylight Time): GET /
Sun Apr 08 2018 18:09:18 GMT-0400 (Eastern Daylight Time): GET /
Sun Apr 08 2018 18:09:23 GMT-0400 (Eastern Daylight Time): POST /ansChk
Sun Apr 08 2018 18:09:23 GMT-0400 (Eastern Daylight Time): GET /
Sun Apr 08 2018 18:09:46 GMT-0400 (Eastern Daylight Time): GET /
Sun Apr 08 2018 18:09:47 GMT-0400 (Eastern Daylight Time): GET /
Sun Apr 08 2018 18:09:49 GMT-0400 (Eastern Daylight Time): GET /
Sun Apr 08 2018 18:11:22 GMT-0400 (Eastern Daylight Time): GET /
Sun Apr 08 2018 18:11:30 GMT-0400 (Eastern Daylight Time): POST /ansChk
Sun Apr 08 2018 18:11:30 GMT-0400 (Eastern Daylight Time): GET /
Sun Apr 08 2018 18:11:32 GMT-0400 (Eastern Daylight Time): POST /ansChk
Sun Apr 08 2018 18:11:32 GMT-0400 (Eastern Daylight Time): GET /
Sun Apr 08 2018 18:11:33 GMT-0400 (Eastern Daylight Time): POST /ansChk
Sun Apr 08 2018 18:11:33 GMT-0400 (Eastern Daylight Time): GET /
Sun Apr 08 2018 18:11:37 GMT-0400 (Eastern Daylight Time): POST /ansChk
Sun Apr 08 2018 18:11:37 GMT-0400 (Eastern Daylight Time): GET /
Sun Apr 08 2018 18:15:02 GMT-0400 (Eastern Daylight Time): GET /
Sun Apr 08 2018 18:15:35 GMT-0400 (Eastern Daylight Time): GET /
Sun Apr 08 2018 18:16:19 GMT-0400 (Eastern Daylight Time): POST /ansChk
Sun Apr 08 2018 18:16:19 GMT-0400 (Eastern Daylight Time): GET /
Sun Apr 08 2018 18:16:29 GMT-0400 (Eastern Daylight Time): POST /ansChk
Sun Apr 08 2018 18:16:29 GMT-0400 (Eastern Daylight Time): GET /
Sun Apr 08 2018 18:16:34 GMT-0400 (Eastern Daylight Time): POST /ansChk
Sun Apr 08 2018 18:16:34 GMT-0400 (Eastern Daylight Time): GET /
Sun Apr 08 2018 18:25:23 GMT-0400 (Eastern Daylight Time): GET /
Sun Apr 08 2018 18:27:04 GMT-0400 (Eastern Daylight Time): GET /
Sun Apr 08 2018 18:32:41 GMT-0400 (Eastern Daylight Time): GET /
Sun Apr 08 2018 18:32:44 GMT-0400 (Eastern Daylight Time): POST /ansChk
Sun Apr 08 2018 18:32:44 GMT-0400 (Eastern Daylight Time): GET /
Sun Apr 08 2018 18:32:51 GMT-0400 (Eastern Daylight Time): POST /ansChk
Sun Apr 08 2018 18:32:51 GMT-0400 (Eastern Daylight Time): GET /
Sun Apr 08 2018 18:33:03 GMT-0400 (Eastern Daylight Time): POST /ansChk
Sun Apr 08 2018 18:33:03 GMT-0400 (Eastern Daylight Time): GET /
Sun Apr 08 2018 18:34:36 GMT-0400 (Eastern Daylight Time): GET /
Sun Apr 08 2018 18:34:38 GMT-0400 (Eastern Daylight Time): POST /ansChk
Sun Apr 08 2018 18:34:38 GMT-0400 (Eastern Daylight Time): GET /
Sun Apr 08 2018 18:34:41 GMT-0400 (Eastern Daylight Time): POST /ansChk
Sun Apr 08 2018 18:34:41 GMT-0400 (Eastern Daylight Time): GET /
Sun Apr 08 2018 18:34:47 GMT-0400 (Eastern Daylight Time): POST /ansChk
Sun Apr 08 2018 18:34:47 GMT-0400 (Eastern Daylight Time): GET /
Sun Apr 08 2018 18:34:50 GMT-0400 (Eastern Daylight Time): POST /ansChk
Sun Apr 08 2018 18:34:50 GMT-0400 (Eastern Daylight Time): GET /
Sun Apr 08 2018 18:34:57 GMT-0400 (Eastern Daylight Time): POST /ansChk
Sun Apr 08 2018 18:34:57 GMT-0400 (Eastern Daylight Time): GET /
Sun Apr 08 2018 18:37:39 GMT-0400 (Eastern Daylight Time): GET /
Sun Apr 08 2018 18:37:42 GMT-0400 (Eastern Daylight Time): POST /ansChk
Sun Apr 08 2018 18:37:42 GMT-0400 (Eastern Daylight Time): GET /
Sun Apr 08 2018 18:37:44 GMT-0400 (Eastern Daylight Time): POST /ansChk
Sun Apr 08 2018 18:37:44 GMT-0400 (Eastern Daylight Time): GET /
Sun Apr 08 2018 18:37:55 GMT-0400 (Eastern Daylight Time): POST /ansChk
Sun Apr 08 2018 18:37:55 GMT-0400 (Eastern Daylight Time): GET /
Sun Apr 08 2018 18:37:58 GMT-0400 (Eastern Daylight Time): POST /ansChk
Sun Apr 08 2018 18:37:58 GMT-0400 (Eastern Daylight Time): GET /
Sun Apr 08 2018 18:39:56 GMT-0400 (Eastern Daylight Time): GET /
Sun Apr 08 2018 18:39:58 GMT-0400 (Eastern Daylight Time): POST /ansChk
Sun Apr 08 2018 18:39:58 GMT-0400 (Eastern Daylight Time): GET /
Sun Apr 08 2018 18:40:00 GMT-0400 (Eastern Daylight Time): POST /ansChk
Sun Apr 08 2018 18:40:00 GMT-0400 (Eastern Daylight Time): GET /
Sun Apr 08 2018 18:40:41 GMT-0400 (Eastern Daylight Time): GET /
Sun Apr 08 2018 18:41:03 GMT-0400 (Eastern Daylight Time): GET /
Sun Apr 08 2018 18:41:06 GMT-0400 (Eastern Daylight Time): POST /ansChk
Sun Apr 08 2018 18:41:06 GMT-0400 (Eastern Daylight Time): GET /
Sun Apr 08 2018 18:41:17 GMT-0400 (Eastern Daylight Time): POST /ansChk
Sun Apr 08 2018 18:41:17 GMT-0400 (Eastern Daylight Time): GET /
Sun Apr 08 2018 18:41:21 GMT-0400 (Eastern Daylight Time): POST /ansChk
Sun Apr 08 2018 18:41:21 GMT-0400 (Eastern Daylight Time): GET /
Sun Apr 08 2018 18:42:30 GMT-0400 (Eastern Daylight Time): POST /ansChk
Sun Apr 08 2018 18:42:30 GMT-0400 (Eastern Daylight Time): GET /
Sun Apr 08 2018 18:43:03 GMT-0400 (Eastern Daylight Time): GET /
Sun Apr 08 2018 18:43:06 GMT-0400 (Eastern Daylight Time): POST /ansChk
Sun Apr 08 2018 18:43:06 GMT-0400 (Eastern Daylight Time): GET /
Sun Apr 08 2018 18:43:12 GMT-0400 (Eastern Daylight Time): POST /ansChk
Sun Apr 08 2018 18:43:12 GMT-0400 (Eastern Daylight Time): GET /
Sun Apr 08 2018 18:43:14 GMT-0400 (Eastern Daylight Time): POST /ansChk
Sun Apr 08 2018 18:43:14 GMT-0400 (Eastern Daylight Time): GET /
Sun Apr 08 2018 18:49:15 GMT-0400 (Eastern Daylight Time): GET /
Sun Apr 08 2018 18:49:24 GMT-0400 (Eastern Daylight Time): POST /ansChk
Sun Apr 08 2018 18:49:24 GMT-0400 (Eastern Daylight Time): GET /
Sun Apr 08 2018 18:50:02 GMT-0400 (Eastern Daylight Time): POST /ansChk
Sun Apr 08 2018 18:50:02 GMT-0400 (Eastern Daylight Time): GET /
Sun Apr 08 2018 18:50:24 GMT-0400 (Eastern Daylight Time): POST /ansChk
Sun Apr 08 2018 18:50:24 GMT-0400 (Eastern Daylight Time): GET /
Sun Apr 08 2018 18:51:32 GMT-0400 (Eastern Daylight Time): GET /
Sun Apr 08 2018 18:54:24 GMT-0400 (Eastern Daylight Time): GET /
Sun Apr 08 2018 18:54:38 GMT-0400 (Eastern Daylight Time): POST /ansChk
Sun Apr 08 2018 18:54:38 GMT-0400 (Eastern Daylight Time): GET /
Sun Apr 08 2018 18:54:43 GMT-0400 (Eastern Daylight Time): POST /ansChk
Sun Apr 08 2018 18:54:43 GMT-0400 (Eastern Daylight Time): GET /
Sun Apr 08 2018 18:56:29 GMT-0400 (Eastern Daylight Time): GET /
Sun Apr 08 2018 18:57:49 GMT-0400 (Eastern Daylight Time): GET /
Sun Apr 08 2018 18:57:50 GMT-0400 (Eastern Daylight Time): GET /
Sun Apr 08 2018 19:06:56 GMT-0400 (Eastern Daylight Time): GET /
Sun Apr 08 2018 19:07:02 GMT-0400 (Eastern Daylight Time): POST /ansChk
Sun Apr 08 2018 19:07:02 GMT-0400 (Eastern Daylight Time): GET /
Sun Apr 08 2018 19:07:14 GMT-0400 (Eastern Daylight Time): POST /ansChk
Sun Apr 08 2018 19:07:14 GMT-0400 (Eastern Daylight Time): GET /
Sun Apr 08 2018 19:07:45 GMT-0400 (Eastern Daylight Time): POST /ansChk
Sun Apr 08 2018 19:07:45 GMT-0400 (Eastern Daylight Time): GET /
Sun Apr 08 2018 19:07:49 GMT-0400 (Eastern Daylight Time): POST /ansChk
Sun Apr 08 2018 19:07:49 GMT-0400 (Eastern Daylight Time): GET /
Sun Apr 08 2018 19:07:53 GMT-0400 (Eastern Daylight Time): POST /ansChk
Sun Apr 08 2018 19:07:53 GMT-0400 (Eastern Daylight Time): GET /
Sun Apr 08 2018 19:07:59 GMT-0400 (Eastern Daylight Time): POST /ansChk
Sun Apr 08 2018 19:07:59 GMT-0400 (Eastern Daylight Time): GET /
Sun Apr 08 2018 19:08:24 GMT-0400 (Eastern Daylight Time): POST /ansChk
Sun Apr 08 2018 19:08:24 GMT-0400 (Eastern Daylight Time): GET /
Sun Apr 08 2018 19:11:18 GMT-0400 (Eastern Daylight Time): GET /
Sun Apr 08 2018 19:11:56 GMT-0400 (Eastern Daylight Time): GET /
Sun Apr 08 2018 19:12:13 GMT-0400 (Eastern Daylight Time): GET /
Sun Apr 08 2018 19:12:15 GMT-0400 (Eastern Daylight Time): GET /
Sun Apr 08 2018 19:12:33 GMT-0400 (Eastern Daylight Time): GET /
Sun Apr 08 2018 19:12:38 GMT-0400 (Eastern Daylight Time): GET /
Sun Apr 08 2018 19:12:38 GMT-0400 (Eastern Daylight Time): GET /
Sun Apr 08 2018 19:12:39 GMT-0400 (Eastern Daylight Time): GET /
Sun Apr 08 2018 19:12:41 GMT-0400 (Eastern Daylight Time): GET /
Sun Apr 08 2018 19:13:09 GMT-0400 (Eastern Daylight Time): POST /ansChk
Sun Apr 08 2018 19:13:09 GMT-0400 (Eastern Daylight Time): GET /
Sun Apr 08 2018 19:13:19 GMT-0400 (Eastern Daylight Time): POST /ansChk
Sun Apr 08 2018 19:13:19 GMT-0400 (Eastern Daylight Time): GET /
Sun Apr 08 2018 19:14:28 GMT-0400 (Eastern Daylight Time): GET /
Sun Apr 08 2018 19:14:32 GMT-0400 (Eastern Daylight Time): POST /ansChk
Sun Apr 08 2018 19:14:32 GMT-0400 (Eastern Daylight Time): GET /
Sun Apr 08 2018 19:17:40 GMT-0400 (Eastern Daylight Time): GET /
Sun Apr 08 2018 19:17:49 GMT-0400 (Eastern Daylight Time): POST /ansChk
Sun Apr 08 2018 19:17:49 GMT-0400 (Eastern Daylight Time): GET /
Sun Apr 08 2018 19:18:11 GMT-0400 (Eastern Daylight Time): POST /ansChk
Sun Apr 08 2018 19:18:11 GMT-0400 (Eastern Daylight Time): GET /
Sun Apr 08 2018 19:18:29 GMT-0400 (Eastern Daylight Time): POST /ansChk
Sun Apr 08 2018 19:18:29 GMT-0400 (Eastern Daylight Time): GET /
Sun Apr 08 2018 19:18:55 GMT-0400 (Eastern Daylight Time): GET /
Sun Apr 08 2018 19:19:43 GMT-0400 (Eastern Daylight Time): GET /
Sun Apr 08 2018 19:20:10 GMT-0400 (Eastern Daylight Time): POST /ansChk
Sun Apr 08 2018 19:20:10 GMT-0400 (Eastern Daylight Time): GET /
Sun Apr 08 2018 19:20:49 GMT-0400 (Eastern Daylight Time): POST /ansChk
Sun Apr 08 2018 19:20:49 GMT-0400 (Eastern Daylight Time): GET /
Sun Apr 08 2018 19:28:03 GMT-0400 (Eastern Daylight Time): GET /
Sun Apr 08 2018 19:28:07 GMT-0400 (Eastern Daylight Time): GET /
Sun Apr 08 2018 19:28:09 GMT-0400 (Eastern Daylight Time): GET /
Sun Apr 08 2018 19:28:23 GMT-0400 (Eastern Daylight Time): GET /
Sun Apr 08 2018 19:30:26 GMT-0400 (Eastern Daylight Time): GET /
Sun Apr 08 2018 19:30:35 GMT-0400 (Eastern Daylight Time): POST /ansChk
Sun Apr 08 2018 19:30:35 GMT-0400 (Eastern Daylight Time): GET /
Sun Apr 08 2018 19:30:46 GMT-0400 (Eastern Daylight Time): POST /ansChk
Sun Apr 08 2018 19:30:46 GMT-0400 (Eastern Daylight Time): GET /
Sun Apr 08 2018 19:30:55 GMT-0400 (Eastern Daylight Time): POST /ansChk
Sun Apr 08 2018 19:30:55 GMT-0400 (Eastern Daylight Time): GET /
Sun Apr 08 2018 19:30:58 GMT-0400 (Eastern Daylight Time): POST /ansChk
Sun Apr 08 2018 19:30:58 GMT-0400 (Eastern Daylight Time): GET /
Sun Apr 08 2018 19:31:02 GMT-0400 (Eastern Daylight Time): POST /ansChk
Sun Apr 08 2018 19:31:02 GMT-0400 (Eastern Daylight Time): GET /
Sun Apr 08 2018 19:31:08 GMT-0400 (Eastern Daylight Time): POST /ansChk
Sun Apr 08 2018 19:31:08 GMT-0400 (Eastern Daylight Time): GET /
Sun Apr 08 2018 19:38:14 GMT-0400 (Eastern Daylight Time): GET /
Sun Apr 08 2018 19:38:46 GMT-0400 (Eastern Daylight Time): GET /
Sun Apr 08 2018 19:39:35 GMT-0400 (Eastern Daylight Time): GET /
Sun Apr 08 2018 19:39:46 GMT-0400 (Eastern Daylight Time): POST /ansChk
Sun Apr 08 2018 19:39:46 GMT-0400 (Eastern Daylight Time): GET /
Sun Apr 08 2018 19:40:24 GMT-0400 (Eastern Daylight Time): POST /ansChk
Sun Apr 08 2018 19:40:24 GMT-0400 (Eastern Daylight Time): GET /
Sun Apr 08 2018 19:40:34 GMT-0400 (Eastern Daylight Time): GET /
Sun Apr 08 2018 19:40:45 GMT-0400 (Eastern Daylight Time): POST /ansChk
Sun Apr 08 2018 19:40:45 GMT-0400 (Eastern Daylight Time): GET /
Sun Apr 08 2018 19:40:52 GMT-0400 (Eastern Daylight Time): POST /ansChk
Sun Apr 08 2018 19:40:52 GMT-0400 (Eastern Daylight Time): GET /
Sun Apr 08 2018 19:41:09 GMT-0400 (Eastern Daylight Time): GET /
Sun Apr 08 2018 19:41:21 GMT-0400 (Eastern Daylight Time): POST /ansChk
Sun Apr 08 2018 19:41:21 GMT-0400 (Eastern Daylight Time): GET /
Sun Apr 08 2018 19:42:52 GMT-0400 (Eastern Daylight Time): GET /
Sun Apr 08 2018 19:43:09 GMT-0400 (Eastern Daylight Time): POST /ansChk
Sun Apr 08 2018 19:43:09 GMT-0400 (Eastern Daylight Time): GET /
Sun Apr 08 2018 19:46:53 GMT-0400 (Eastern Daylight Time): GET /
Sun Apr 08 2018 19:47:19 GMT-0400 (Eastern Daylight Time): GET /
Sun Apr 08 2018 19:47:23 GMT-0400 (Eastern Daylight Time): GET /
Sun Apr 08 2018 19:47:24 GMT-0400 (Eastern Daylight Time): GET /
Sun Apr 08 2018 19:47:25 GMT-0400 (Eastern Daylight Time): GET /
Sun Apr 08 2018 19:47:26 GMT-0400 (Eastern Daylight Time): GET /
Sun Apr 08 2018 19:48:34 GMT-0400 (Eastern Daylight Time): POST /ansChk
Sun Apr 08 2018 19:48:34 GMT-0400 (Eastern Daylight Time): GET /
Sun Apr 08 2018 19:49:03 GMT-0400 (Eastern Daylight Time): POST /ansChk
Sun Apr 08 2018 19:49:03 GMT-0400 (Eastern Daylight Time): GET /
Sun Apr 08 2018 19:49:14 GMT-0400 (Eastern Daylight Time): GET /
Sun Apr 08 2018 19:49:45 GMT-0400 (Eastern Daylight Time): POST /ansChk
Sun Apr 08 2018 19:49:45 GMT-0400 (Eastern Daylight Time): GET /
Sun Apr 08 2018 19:50:26 GMT-0400 (Eastern Daylight Time): GET /
Sun Apr 08 2018 19:50:54 GMT-0400 (Eastern Daylight Time): POST /ansChk
Sun Apr 08 2018 19:50:54 GMT-0400 (Eastern Daylight Time): GET /
Sun Apr 08 2018 19:51:23 GMT-0400 (Eastern Daylight Time): POST /ansChk
Sun Apr 08 2018 19:51:23 GMT-0400 (Eastern Daylight Time): GET /
Sun Apr 08 2018 19:51:42 GMT-0400 (Eastern Daylight Time): POST /ansChk
Sun Apr 08 2018 19:51:42 GMT-0400 (Eastern Daylight Time): GET /
